<?xml version="1.0" encoding="UTF-8"?>
<!-- Generated by org.testng.reporters.JUnitReportReporter -->
<testsuite hostname="Realme_SlimBook" failures="0" tests="3" name="com.SwagLabs.TestCases.OverviewPageTest" time="0.501" errors="0" timestamp="2024-05-12T21:19:03 IST" skipped="0">
  <testcase classname="com.SwagLabs.TestCases.OverviewPageTest" name="verfiyUrl" time="0.018"/>
  <system-out/>
  <testcase classname="com.SwagLabs.TestCases.OverviewPageTest" name="verfiyTitle" time="0.017"/>
  <system-out/>
  <testcase classname="com.SwagLabs.TestCases.OverviewPageTest" name="verfiyOverviewOfOrder" time="0.466"/>
  <system-out/>
</testsuite> <!-- com.SwagLabs.TestCases.OverviewPageTest -->
